Determining if the pthread_create exist failed with the following output:
Change Dir: /home/chiara/Documents/UBA/AED2/Labo/taller1_memoria_dinamica/cmake-build-debug/CMakeFiles/CMakeTmp

Run Build Command:"/usr/bin/gmake" "cmTC_f596b/fast"
/usr/bin/gmake -f CMakeFiles/cmTC_f596b.dir/build.make CMakeFiles/cmTC_f596b.dir/build
gmake[1]: Entering directory '/home/chiara/Documents/UBA/AED2/Labo/taller1_memoria_dinamica/cmake-build-debug/CMakeFiles/CMakeTmp'
Building C object CMakeFiles/cmTC_f596b.dir/CheckSymbolExists.c.o
/usr/bin/cc    -o CMakeFiles/cmTC_f596b.dir/CheckSymbolExists.c.o   -c /home/chiara/Documents/UBA/AED2/Labo/taller1_memoria_dinamica/cmake-build-debug/CMakeFiles/CMakeTmp/CheckSymbolExists.c
Linking C executable cmTC_f596b
/home/chiara/Apps/CLion-2017.2.3/clion-2017.2.3/bin/cmake/bin/cmake -E cmake_link_script CMakeFiles/cmTC_f596b.dir/link.txt --verbose=1
/usr/bin/cc      -rdynamic CMakeFiles/cmTC_f596b.dir/CheckSymbolExists.c.o  -o cmTC_f596b 
CMakeFiles/cmTC_f596b.dir/CheckSymbolExists.c.o: In function `main':
CheckSymbolExists.c:(.text+0x16): undefined reference to `pthread_create'
collect2: error: ld returned 1 exit status
gmake[1]: *** [CMakeFiles/cmTC_f596b.dir/build.make:98: cmTC_f596b] Error 1
gmake[1]: Leaving directory '/home/chiara/Documents/UBA/AED2/Labo/taller1_memoria_dinamica/cmake-build-debug/CMakeFiles/CMakeTmp'
gmake: *** [Makefile:126: cmTC_f596b/fast] Error 2

File /home/chiara/Documents/UBA/AED2/Labo/taller1_memoria_dinamica/cmake-build-debug/CMakeFiles/CMakeTmp/CheckSymbolExists.c:
/* */
#include <pthread.h>

int main(int argc, char** argv)
{
  (void)argv;
#ifndef pthread_create
  return ((int*)(&pthread_create))[argc];
#else
  (void)argc;
  return 0;
#endif
}

Determining if the function pthread_create exists in the pthreads failed with the following output:
Change Dir: /home/chiara/Documents/UBA/AED2/Labo/taller1_memoria_dinamica/cmake-build-debug/CMakeFiles/CMakeTmp

Run Build Command:"/usr/bin/gmake" "cmTC_b650e/fast"
/usr/bin/gmake -f CMakeFiles/cmTC_b650e.dir/build.make CMakeFiles/cmTC_b650e.dir/build
gmake[1]: Entering directory '/home/chiara/Documents/UBA/AED2/Labo/taller1_memoria_dinamica/cmake-build-debug/CMakeFiles/CMakeTmp'
Building C object CMakeFiles/cmTC_b650e.dir/CheckFunctionExists.c.o
/usr/bin/cc   -DCHECK_FUNCTION_EXISTS=pthread_create   -o CMakeFiles/cmTC_b650e.dir/CheckFunctionExists.c.o   -c /home/chiara/Apps/CLion-2017.2.3/clion-2017.2.3/bin/cmake/share/cmake-3.8/Modules/CheckFunctionExists.c
Linking C executable cmTC_b650e
/home/chiara/Apps/CLion-2017.2.3/clion-2017.2.3/bin/cmake/bin/cmake -E cmake_link_script CMakeFiles/cmTC_b650e.dir/link.txt --verbose=1
/usr/bin/cc  -DCHECK_FUNCTION_EXISTS=pthread_create    -rdynamic CMakeFiles/cmTC_b650e.dir/CheckFunctionExists.c.o  -o cmTC_b650e -lpthreads 
/usr/bin/ld: cannot find -lpthreads
collect2: error: ld returned 1 exit status
gmake[1]: *** [CMakeFiles/cmTC_b650e.dir/build.make:98: cmTC_b650e] Error 1
gmake[1]: Leaving directory '/home/chiara/Documents/UBA/AED2/Labo/taller1_memoria_dinamica/cmake-build-debug/CMakeFiles/CMakeTmp'
gmake: *** [Makefile:126: cmTC_b650e/fast] Error 2


